[0.826s] Invoking command in '/home/menna/Projects/technical_team_projects/STPProject1/src/my_robot_controller': PYTHONPATH=/home/menna/Projects/technical_team_projects/STPProject1/build/my_robot_controller/prefix_override:/home/menna/Projects/technical_team_projects/STPProject1/install/my_robot_controller/lib/python3.10/site-packages:${PYTHONPATH} /usr/bin/python3 setup.py egg_info --egg-base ../../build/my_robot_controller build --build-base /home/menna/Projects/technical_team_projects/STPProject1/build/my_robot_controller/build install --record /home/menna/Projects/technical_team_projects/STPProject1/build/my_robot_controller/install.log --single-version-externally-managed
[1.137s] running egg_info
[1.138s] creating ../../build/my_robot_controller/my_robot_controller.egg-info
[1.138s] writing ../../build/my_robot_controller/my_robot_controller.egg-info/PKG-INFO
[1.138s] writing dependency_links to ../../build/my_robot_controller/my_robot_controller.egg-info/dependency_links.txt
[1.138s] writing entry points to ../../build/my_robot_controller/my_robot_controller.egg-info/entry_points.txt
[1.139s] writing requirements to ../../build/my_robot_controller/my_robot_controller.egg-info/requires.txt
[1.139s] writing top-level names to ../../build/my_robot_controller/my_robot_controller.egg-info/top_level.txt
[1.139s] writing manifest file '../../build/my_robot_controller/my_robot_controller.egg-info/SOURCES.txt'
[1.141s] reading manifest file '../../build/my_robot_controller/my_robot_controller.egg-info/SOURCES.txt'
[1.143s] writing manifest file '../../build/my_robot_controller/my_robot_controller.egg-info/SOURCES.txt'
[1.143s] running build
[1.143s] running build_py
[1.143s] creating /home/menna/Projects/technical_team_projects/STPProject1/build/my_robot_controller/build
[1.143s] creating /home/menna/Projects/technical_team_projects/STPProject1/build/my_robot_controller/build/lib
[1.143s] creating /home/menna/Projects/technical_team_projects/STPProject1/build/my_robot_controller/build/lib/my_robot_controller
[1.144s] copying my_robot_controller/__init__.py -> /home/menna/Projects/technical_team_projects/STPProject1/build/my_robot_controller/build/lib/my_robot_controller
[1.144s] running install
[1.144s] running install_lib
[1.146s] creating /home/menna/Projects/technical_team_projects/STPProject1/install/my_robot_controller/lib/python3.10/site-packages/my_robot_controller
[1.146s] copying /home/menna/Projects/technical_team_projects/STPProject1/build/my_robot_controller/build/lib/my_robot_controller/__init__.py -> /home/menna/Projects/technical_team_projects/STPProject1/install/my_robot_controller/lib/python3.10/site-packages/my_robot_controller
[1.146s] byte-compiling /home/menna/Projects/technical_team_projects/STPProject1/install/my_robot_controller/lib/python3.10/site-packages/my_robot_controller/__init__.py to __init__.cpython-310.pyc
[1.147s] running install_data
[1.147s] creating /home/menna/Projects/technical_team_projects/STPProject1/install/my_robot_controller/share/ament_index
[1.147s] creating /home/menna/Projects/technical_team_projects/STPProject1/install/my_robot_controller/share/ament_index/resource_index
[1.147s] creating /home/menna/Projects/technical_team_projects/STPProject1/install/my_robot_controller/share/ament_index/resource_index/packages
[1.148s] copying resource/my_robot_controller -> /home/menna/Projects/technical_team_projects/STPProject1/install/my_robot_controller/share/ament_index/resource_index/packages
[1.148s] copying package.xml -> /home/menna/Projects/technical_team_projects/STPProject1/install/my_robot_controller/share/my_robot_controller
[1.148s] running install_egg_info
[1.150s] Copying ../../build/my_robot_controller/my_robot_controller.egg-info to /home/menna/Projects/technical_team_projects/STPProject1/install/my_robot_controller/lib/python3.10/site-packages/my_robot_controller-0.0.0-py3.10.egg-info
[1.151s] running install_scripts
[1.173s] writing list of installed files to '/home/menna/Projects/technical_team_projects/STPProject1/build/my_robot_controller/install.log'
[1.211s] Invoked command in '/home/menna/Projects/technical_team_projects/STPProject1/src/my_robot_controller' returned '0': PYTHONPATH=/home/menna/Projects/technical_team_projects/STPProject1/build/my_robot_controller/prefix_override:/home/menna/Projects/technical_team_projects/STPProject1/install/my_robot_controller/lib/python3.10/site-packages:${PYTHONPATH} /usr/bin/python3 setup.py egg_info --egg-base ../../build/my_robot_controller build --build-base /home/menna/Projects/technical_team_projects/STPProject1/build/my_robot_controller/build install --record /home/menna/Projects/technical_team_projects/STPProject1/build/my_robot_controller/install.log --single-version-externally-managed
