[0.398s] DEBUG:colcon:Command line arguments: ['/usr/bin/colcon', 'build']
[0.399s] DEBUG:colcon:Parsed command line arguments: Namespace(log_base=None, log_level=None, verb_name='build', build_base='build', install_base='install', merge_install=False, symlink_install=False, test_result_base=None, continue_on_error=False, executor='parallel', parallel_workers=4, event_handlers=None, ignore_user_meta=False, metas=['./colcon.meta'], base_paths=['.'], packages_ignore=None, packages_ignore_regex=None, paths=None, packages_up_to=None, packages_up_to_regex=None, packages_above=None, packages_above_and_dependencies=None, packages_above_depth=None, packages_select_by_dep=None, packages_skip_by_dep=None, packages_skip_up_to=None, packages_select_build_failed=False, packages_skip_build_finished=False, packages_select_test_failures=False, packages_skip_test_passed=False, packages_select=None, packages_skip=None, packages_select_regex=None, packages_skip_regex=None, packages_start=None, packages_end=None, allow_overriding=[], cmake_args=None, cmake_target=None, cmake_target_skip_unavailable=False, cmake_clean_cache=False, cmake_clean_first=False, cmake_force_configure=False, ament_cmake_args=None, catkin_cmake_args=None, catkin_skip_building_tests=False, verb_parser=<colcon_defaults.argument_parser.defaults.DefaultArgumentsDecorator object at 0x7faa10dd26e0>, verb_extension=<colcon_core.verb.build.BuildVerb object at 0x7faa10dd2170>, main=<bound method BuildVerb.main of <colcon_core.verb.build.BuildVerb object at 0x7faa10dd2170>>)
[0.427s] Level 1:colcon.colcon_core.package_discovery:discover_packages(colcon_meta) check parameters
[0.427s] Level 1:colcon.colcon_core.package_discovery:discover_packages(recursive) check parameters
[0.427s] Level 1:colcon.colcon_core.package_discovery:discover_packages(ignore) check parameters
[0.427s] Level 1:colcon.colcon_core.package_discovery:discover_packages(path) check parameters
[0.427s] Level 1:colcon.colcon_core.package_discovery:discover_packages(colcon_meta) discover
[0.427s] Level 1:colcon.colcon_core.package_discovery:discover_packages(recursive) discover
[0.428s] INFO:colcon.colcon_core.package_discovery:Crawling recursively for packages in '/home/menna/Projects/technical_team_projects'
[0.428s] Level 1:colcon.colcon_core.package_identification:_identify(.) by extensions ['ignore', 'ignore_ament_install']
[0.428s] Level 1:colcon.colcon_core.package_identification:_identify(.) by extension 'ignore'
[0.428s] Level 1:colcon.colcon_core.package_identification:_identify(.) by extension 'ignore_ament_install'
[0.428s] Level 1:colcon.colcon_core.package_identification:_identify(.) by extensions ['colcon_pkg']
[0.428s] Level 1:colcon.colcon_core.package_identification:_identify(.) by extension 'colcon_pkg'
[0.428s] Level 1:colcon.colcon_core.package_identification:_identify(.) by extensions ['colcon_meta']
[0.428s] Level 1:colcon.colcon_core.package_identification:_identify(.) by extension 'colcon_meta'
[0.428s] Level 1:colcon.colcon_core.package_identification:_identify(.) by extensions ['ros']
[0.428s] Level 1:colcon.colcon_core.package_identification:_identify(.) by extension 'ros'
[0.440s] Level 1:colcon.colcon_core.package_identification:_identify(.) by extensions ['cmake', 'python']
[0.440s] Level 1:colcon.colcon_core.package_identification:_identify(.) by extension 'cmake'
[0.440s] Level 1:colcon.colcon_core.package_identification:_identify(.) by extension 'python'
[0.440s] Level 1:colcon.colcon_core.package_identification:_identify(.) by extensions ['python_setup_py']
[0.441s] Level 1:colcon.colcon_core.package_identification:_identify(.) by extension 'python_setup_py'
[0.441s] Level 1:colcon.colcon_core.package_identification:_identify(STPProject1) by extensions ['ignore', 'ignore_ament_install']
[0.441s] Level 1:colcon.colcon_core.package_identification:_identify(STPProject1) by extension 'ignore'
[0.441s] Level 1:colcon.colcon_core.package_identification:_identify(STPProject1) by extension 'ignore_ament_install'
[0.441s] Level 1:colcon.colcon_core.package_identification:_identify(STPProject1) by extensions ['colcon_pkg']
[0.441s] Level 1:colcon.colcon_core.package_identification:_identify(STPProject1) by extension 'colcon_pkg'
[0.441s] Level 1:colcon.colcon_core.package_identification:_identify(STPProject1) by extensions ['colcon_meta']
[0.441s] Level 1:colcon.colcon_core.package_identification:_identify(STPProject1) by extension 'colcon_meta'
[0.441s] Level 1:colcon.colcon_core.package_identification:_identify(STPProject1) by extensions ['ros']
[0.441s] Level 1:colcon.colcon_core.package_identification:_identify(STPProject1) by extension 'ros'
[0.441s] Level 1:colcon.colcon_core.package_identification:_identify(STPProject1) by extensions ['cmake', 'python']
[0.441s] Level 1:colcon.colcon_core.package_identification:_identify(STPProject1) by extension 'cmake'
[0.441s] Level 1:colcon.colcon_core.package_identification:_identify(STPProject1) by extension 'python'
[0.441s] Level 1:colcon.colcon_core.package_identification:_identify(STPProject1) by extensions ['python_setup_py']
[0.441s] Level 1:colcon.colcon_core.package_identification:_identify(STPProject1) by extension 'python_setup_py'
[0.442s] Level 1:colcon.colcon_core.package_identification:_identify(STPProject1/build) by extensions ['ignore', 'ignore_ament_install']
[0.442s] Level 1:colcon.colcon_core.package_identification:_identify(STPProject1/build) by extension 'ignore'
[0.442s] Level 1:colcon.colcon_core.package_identification:_identify(STPProject1/build) ignored
[0.442s] Level 1:colcon.colcon_core.package_identification:_identify(STPProject1/install) by extensions ['ignore', 'ignore_ament_install']
[0.442s] Level 1:colcon.colcon_core.package_identification:_identify(STPProject1/install) by extension 'ignore'
[0.442s] Level 1:colcon.colcon_core.package_identification:_identify(STPProject1/install) ignored
[0.442s] Level 1:colcon.colcon_core.package_identification:_identify(STPProject1/log) by extensions ['ignore', 'ignore_ament_install']
[0.442s] Level 1:colcon.colcon_core.package_identification:_identify(STPProject1/log) by extension 'ignore'
[0.442s] Level 1:colcon.colcon_core.package_identification:_identify(STPProject1/log) ignored
[0.442s] Level 1:colcon.colcon_core.package_identification:_identify(STPProject1/src) by extensions ['ignore', 'ignore_ament_install']
[0.442s] Level 1:colcon.colcon_core.package_identification:_identify(STPProject1/src) by extension 'ignore'
[0.442s] Level 1:colcon.colcon_core.package_identification:_identify(STPProject1/src) by extension 'ignore_ament_install'
[0.443s] Level 1:colcon.colcon_core.package_identification:_identify(STPProject1/src) by extensions ['colcon_pkg']
[0.443s] Level 1:colcon.colcon_core.package_identification:_identify(STPProject1/src) by extension 'colcon_pkg'
[0.443s] Level 1:colcon.colcon_core.package_identification:_identify(STPProject1/src) by extensions ['colcon_meta']
[0.443s] Level 1:colcon.colcon_core.package_identification:_identify(STPProject1/src) by extension 'colcon_meta'
[0.443s] Level 1:colcon.colcon_core.package_identification:_identify(STPProject1/src) by extensions ['ros']
[0.443s] Level 1:colcon.colcon_core.package_identification:_identify(STPProject1/src) by extension 'ros'
[0.443s] Level 1:colcon.colcon_core.package_identification:_identify(STPProject1/src) by extensions ['cmake', 'python']
[0.443s] Level 1:colcon.colcon_core.package_identification:_identify(STPProject1/src) by extension 'cmake'
[0.443s] Level 1:colcon.colcon_core.package_identification:_identify(STPProject1/src) by extension 'python'
[0.443s] Level 1:colcon.colcon_core.package_identification:_identify(STPProject1/src) by extensions ['python_setup_py']
[0.443s] Level 1:colcon.colcon_core.package_identification:_identify(STPProject1/src) by extension 'python_setup_py'
[0.443s] Level 1:colcon.colcon_core.package_identification:_identify(build) by extensions ['ignore', 'ignore_ament_install']
[0.443s] Level 1:colcon.colcon_core.package_identification:_identify(build) by extension 'ignore'
[0.443s] Level 1:colcon.colcon_core.package_identification:_identify(build) ignored
[0.447s] Level 1:colcon.colcon_core.package_identification:_identify(general) by extensions ['ignore', 'ignore_ament_install']
[0.447s] Level 1:colcon.colcon_core.package_identification:_identify(general) by extension 'ignore'
[0.447s] Level 1:colcon.colcon_core.package_identification:_identify(general) by extension 'ignore_ament_install'
[0.447s] Level 1:colcon.colcon_core.package_identification:_identify(general) by extensions ['colcon_pkg']
[0.447s] Level 1:colcon.colcon_core.package_identification:_identify(general) by extension 'colcon_pkg'
[0.447s] Level 1:colcon.colcon_core.package_identification:_identify(general) by extensions ['colcon_meta']
[0.447s] Level 1:colcon.colcon_core.package_identification:_identify(general) by extension 'colcon_meta'
[0.447s] Level 1:colcon.colcon_core.package_identification:_identify(general) by extensions ['ros']
[0.447s] Level 1:colcon.colcon_core.package_identification:_identify(general) by extension 'ros'
[0.447s] Level 1:colcon.colcon_core.package_identification:_identify(general) by extensions ['cmake', 'python']
[0.448s] Level 1:colcon.colcon_core.package_identification:_identify(general) by extension 'cmake'
[0.448s] Level 1:colcon.colcon_core.package_identification:_identify(general) by extension 'python'
[0.448s] Level 1:colcon.colcon_core.package_identification:_identify(general) by extensions ['python_setup_py']
[0.448s] Level 1:colcon.colcon_core.package_identification:_identify(general) by extension 'python_setup_py'
[0.448s] Level 1:colcon.colcon_core.package_identification:_identify(general/ros2_and_coppelia) by extensions ['ignore', 'ignore_ament_install']
[0.448s] Level 1:colcon.colcon_core.package_identification:_identify(general/ros2_and_coppelia) by extension 'ignore'
[0.448s] Level 1:colcon.colcon_core.package_identification:_identify(general/ros2_and_coppelia) by extension 'ignore_ament_install'
[0.448s] Level 1:colcon.colcon_core.package_identification:_identify(general/ros2_and_coppelia) by extensions ['colcon_pkg']
[0.448s] Level 1:colcon.colcon_core.package_identification:_identify(general/ros2_and_coppelia) by extension 'colcon_pkg'
[0.448s] Level 1:colcon.colcon_core.package_identification:_identify(general/ros2_and_coppelia) by extensions ['colcon_meta']
[0.449s] Level 1:colcon.colcon_core.package_identification:_identify(general/ros2_and_coppelia) by extension 'colcon_meta'
[0.449s] Level 1:colcon.colcon_core.package_identification:_identify(general/ros2_and_coppelia) by extensions ['ros']
[0.449s] Level 1:colcon.colcon_core.package_identification:_identify(general/ros2_and_coppelia) by extension 'ros'
[0.449s] Level 1:colcon.colcon_core.package_identification:_identify(general/ros2_and_coppelia) by extensions ['cmake', 'python']
[0.449s] Level 1:colcon.colcon_core.package_identification:_identify(general/ros2_and_coppelia) by extension 'cmake'
[0.449s] Level 1:colcon.colcon_core.package_identification:_identify(general/ros2_and_coppelia) by extension 'python'
[0.449s] Level 1:colcon.colcon_core.package_identification:_identify(general/ros2_and_coppelia) by extensions ['python_setup_py']
[0.449s] Level 1:colcon.colcon_core.package_identification:_identify(general/ros2_and_coppelia) by extension 'python_setup_py'
[0.449s] Level 1:colcon.colcon_core.package_identification:_identify(general/ros2_and_coppelia/starter) by extensions ['ignore', 'ignore_ament_install']
[0.450s] Level 1:colcon.colcon_core.package_identification:_identify(general/ros2_and_coppelia/starter) by extension 'ignore'
[0.450s] Level 1:colcon.colcon_core.package_identification:_identify(general/ros2_and_coppelia/starter) by extension 'ignore_ament_install'
[0.450s] Level 1:colcon.colcon_core.package_identification:_identify(general/ros2_and_coppelia/starter) by extensions ['colcon_pkg']
[0.450s] Level 1:colcon.colcon_core.package_identification:_identify(general/ros2_and_coppelia/starter) by extension 'colcon_pkg'
[0.450s] Level 1:colcon.colcon_core.package_identification:_identify(general/ros2_and_coppelia/starter) by extensions ['colcon_meta']
[0.450s] Level 1:colcon.colcon_core.package_identification:_identify(general/ros2_and_coppelia/starter) by extension 'colcon_meta'
[0.450s] Level 1:colcon.colcon_core.package_identification:_identify(general/ros2_and_coppelia/starter) by extensions ['ros']
[0.450s] Level 1:colcon.colcon_core.package_identification:_identify(general/ros2_and_coppelia/starter) by extension 'ros'
[0.450s] Level 1:colcon.colcon_core.package_identification:_identify(general/ros2_and_coppelia/starter) by extensions ['cmake', 'python']
[0.450s] Level 1:colcon.colcon_core.package_identification:_identify(general/ros2_and_coppelia/starter) by extension 'cmake'
[0.450s] Level 1:colcon.colcon_core.package_identification:_identify(general/ros2_and_coppelia/starter) by extension 'python'
[0.450s] Level 1:colcon.colcon_core.package_identification:_identify(general/ros2_and_coppelia/starter) by extensions ['python_setup_py']
[0.450s] Level 1:colcon.colcon_core.package_identification:_identify(general/ros2_and_coppelia/starter) by extension 'python_setup_py'
[0.450s] Level 1:colcon.colcon_core.package_identification:_identify(install) by extensions ['ignore', 'ignore_ament_install']
[0.451s] Level 1:colcon.colcon_core.package_identification:_identify(install) by extension 'ignore'
[0.451s] Level 1:colcon.colcon_core.package_identification:_identify(install) ignored
[0.451s] Level 1:colcon.colcon_core.package_identification:_identify(log) by extensions ['ignore', 'ignore_ament_install']
[0.451s] Level 1:colcon.colcon_core.package_identification:_identify(log) by extension 'ignore'
[0.451s] Level 1:colcon.colcon_core.package_identification:_identify(log) ignored
[0.451s] Level 1:colcon.colcon_core.package_discovery:discover_packages(recursive) using defaults
[0.451s] Level 1:colcon.colcon_core.package_discovery:discover_packages(ignore) discover
[0.451s] Level 1:colcon.colcon_core.package_discovery:discover_packages(ignore) using defaults
[0.451s] Level 1:colcon.colcon_core.package_discovery:discover_packages(path) discover
[0.451s] Level 1:colcon.colcon_core.package_discovery:discover_packages(path) using defaults
[0.478s] Level 1:colcon.colcon_core.package_discovery:discover_packages(prefix_path) check parameters
[0.478s] Level 1:colcon.colcon_core.package_discovery:discover_packages(prefix_path) discover
[0.481s] DEBUG:colcon.colcon_installed_package_information.package_discovery:Found 2 installed packages in /home/menna/ros2_ws/install
[0.482s] DEBUG:colcon.colcon_installed_package_information.package_discovery:Found 263 installed packages in /opt/ros/humble
[0.484s] Level 1:colcon.colcon_core.package_discovery:discover_packages(prefix_path) using defaults
[0.555s] INFO:colcon.colcon_core.executor:Executing jobs using 'parallel' executor
[0.558s] DEBUG:colcon.colcon_parallel_executor.executor.parallel:run_until_complete
[0.559s] DEBUG:colcon.colcon_parallel_executor.executor.parallel:closing loop
[0.559s] DEBUG:colcon.colcon_parallel_executor.executor.parallel:loop closed
[0.559s] DEBUG:colcon.colcon_parallel_executor.executor.parallel:run_until_complete finished with '0'
[0.559s] DEBUG:colcon.colcon_core.event_reactor:joining thread
[0.566s] INFO:colcon.colcon_core.plugin_system:Skipping extension 'colcon_notification.desktop_notification.terminal_notifier': Not used on non-Darwin systems
[0.566s] INFO:colcon.colcon_core.plugin_system:Skipping extension 'colcon_notification.desktop_notification.win32': Not used on non-Windows systems
[0.566s] INFO:colcon.colcon_notification.desktop_notification:Sending desktop notification using 'notify2'
[0.579s] DEBUG:colcon.colcon_core.event_reactor:joined thread
[0.584s] INFO:colcon.colcon_core.plugin_system:Skipping extension 'colcon_core.shell.bat': Not used on non-Windows systems
[0.585s] INFO:colcon.colcon_core.shell:Creating prefix script '/home/menna/Projects/technical_team_projects/install/local_setup.ps1'
[0.586s] INFO:colcon.colcon_core.shell:Creating prefix util module '/home/menna/Projects/technical_team_projects/install/_local_setup_util_ps1.py'
[0.587s] INFO:colcon.colcon_core.shell:Creating prefix chain script '/home/menna/Projects/technical_team_projects/install/setup.ps1'
[0.589s] INFO:colcon.colcon_core.shell:Creating prefix script '/home/menna/Projects/technical_team_projects/install/local_setup.sh'
[0.590s] INFO:colcon.colcon_core.shell:Creating prefix util module '/home/menna/Projects/technical_team_projects/install/_local_setup_util_sh.py'
[0.591s] INFO:colcon.colcon_core.shell:Creating prefix chain script '/home/menna/Projects/technical_team_projects/install/setup.sh'
[0.592s] INFO:colcon.colcon_core.shell:Creating prefix script '/home/menna/Projects/technical_team_projects/install/local_setup.bash'
[0.593s] INFO:colcon.colcon_core.shell:Creating prefix chain script '/home/menna/Projects/technical_team_projects/install/setup.bash'
[0.595s] INFO:colcon.colcon_core.shell:Creating prefix script '/home/menna/Projects/technical_team_projects/install/local_setup.zsh'
[0.595s] INFO:colcon.colcon_core.shell:Creating prefix chain script '/home/menna/Projects/technical_team_projects/install/setup.zsh'
